<?xml version="1.0" encoding="UTF-8"?>
<!-- Generated by org.testng.reporters.JUnitReportReporter -->
<testsuite hostname="Macbooks-MacBook-Air-2.local" name="MobileAutomation.AndroidAutomation" tests="1" failures="0" timestamp="29 Aug 2019 08:02:19 GMT" time="22.046" errors="0">
  <testcase name="testEasy" time="22.046" classname="MobileAutomation.AndroidAutomation"/>
</testsuite> <!-- MobileAutomation.AndroidAutomation -->
